                  AlphaASM(5A) v1.31 Title
AlphaASM subtitle05
 
     ADDR    INST/VALUE LINE      TAG  SOURCE STATEMENT
                        0-1            ; AM5A config block file 
                        0-2            ; Warning : Don't try to change anything !! 
                        0-3            
                        0-4            List unlockrsvmem
                        0-5            
             [00000020] 0-6            ORG 0x20
     000020  0000       0-7            DW    0x0000
     000021  0000       0-8            DW    0x0000
     000022  0000       0-9            DW    0x0000
     000023  020F 0000  0-10           DW    0x020F,0x0000
     000025  000F 0000  0-11           DW    0x000F,0x0000
     000027  00FF 0000  0-12           DW    0x00FF,0x0000
     000029  00FF 0000  0-13           DW    0x00FF,0x0000
     00002B  0000 0000  0-14           DW    0x0000,0x0000
     00002D  0000       0-15           DW    0x0000
     00002E  016C 0120  0-16           DW    0x016C,0x0120,0x0002,0x0000
             0002 0000                 
     000032  0000 0000  0-17           DW    0x0000,0x0000,0x0000,0x0000
             0000 0000                 
     000036  0000 0000  0-18           DW    0x0000,0x0000,0x0000,0x0000
             0000 0000                 
     00003A  012A 0019  0-19           DW    0x012A,0x0019,0x01F0,0x0000
             01F0 0000                 
     00003E  0032       0-20           DW    0x0032
     00003F  0000 0000  0-21           DW    0x0000,0x0000,0x0000,0x0002
             0000 0002                 
                        0-22           
                        0-23           
                        0-24           End


File_Index  File_Name
0           C:\Users\EP-ENG0\Desktop\ALL\ゴa公\ゴa公_s\WHACK_A_MOLE_V5\WHACK_A_MOLE\AM5A_config.cb
1           C:\Users\EP-ENG0\Desktop\ALL\ゴa公\ゴa公_s\WHACK_A_MOLE_V5\WHACK_A_MOLE\Obj\AM5A_config.lst


Processor Name      = AM5AA340X
ROM Bit Width       = 10 bit
Register Bit Width  = 4 bit
Program ROM         = 0x00000000-0x0000FFFF
Data ROM            = 0x00000000-0x000DFFFF
Reserved Memory     = 0x00000100-0x000001FF
SRAM / SFR          = 0x00000000-0x000000FF

Total Used Program ROM  = 0x00000000

Total Used Data ROM     = 0x00000000

Total Errors            = 0

Total Warning           = 0
