                  AlphaASM(5A) v1.31 Title
AlphaASM subtitle05
 
     ADDR    INST/VALUE LINE      TAG  SOURCE STATEMENT
                        0-1            ;***********************************************************************
                        0-2            ;* This file is auto-generated by Alpha IDE - do not modify this file! *
                        0-3            ;* Alpha MicroElectronics Corp. 2009                                   *
                        0-4            ;***********************************************************************
             [00000000] 0-5            V0: idata
             [00000000] 0-6            #includata "C:\Windows\system32\applau00.adp"
                        0-6            #includata "C:\Windows\system32\applau00.adp"
             [00000000] 0-7            V1: idata
             [00000000] 0-8            #includata "C:\Windows\system32\Error.adp"
                        0-8            #includata "C:\Windows\system32\Error.adp"
             [00000000] 0-9            V2: idata
             [00000000] 0-10           #includata "C:\Windows\system32\LevelOk.adp"
                        0-10           #includata "C:\Windows\system32\LevelOk.adp"
             [00000000] 0-11           V3: idata
             [00000000] 0-12           #includata "C:\Windows\system32\LV01a.adp"
                        0-12           #includata "C:\Windows\system32\LV01a.adp"
             [00000000] 0-13           V4: idata
             [00000000] 0-14           #includata "C:\Windows\system32\LV01b.adp"
                        0-14           #includata "C:\Windows\system32\LV01b.adp"
             [00000000] 0-15           V5: idata
             [00000000] 0-16           #includata "C:\Windows\system32\LV01c.adp"
                        0-16           #includata "C:\Windows\system32\LV01c.adp"
             [00000000] 0-17           V6: idata
             [00000000] 0-18           #includata "C:\Windows\system32\LV03a.adp"
                        0-18           #includata "C:\Windows\system32\LV03a.adp"
             [00000000] 0-19           V7: idata
             [00000000] 0-20           #includata "C:\Windows\system32\LV03b.adp"
                        0-20           #includata "C:\Windows\system32\LV03b.adp"
             [00000000] 0-21           V8: idata
             [00000000] 0-22           #includata "C:\Windows\system32\LV03c.adp"
                        0-22           #includata "C:\Windows\system32\LV03c.adp"
             [00000000] 0-23           V9: idata
             [00000000] 0-24           #includata "C:\Windows\system32\Over.adp"
                        0-24           #includata "C:\Windows\system32\Over.adp"
             [00000000] 0-25           V10: idata
             [00000000] 0-26           #includata "C:\Windows\system32\ready.adp"
                        0-26           #includata "C:\Windows\system32\ready.adp"
             [00000000] 0-27           V11: idata
             [00000000] 0-28           #includata "C:\Windows\system32\Right.adp"
                        0-28           #includata "C:\Windows\system32\Right.adp"
             [00000000] 0-29           V12: idata
             [00000000] 0-30           #includata "C:\Windows\system32\S0.adp"
                        0-30           #includata "C:\Windows\system32\S0.adp"
             [00000000] 0-31           V13: idata
             [00000000] 0-32           #includata "C:\Windows\system32\s1.adp"
                        0-32           #includata "C:\Windows\system32\s1.adp"
             [00000000] 0-33           V14: idata
             [00000000] 0-34           #includata "C:\Windows\system32\s2.adp"
                        0-34           #includata "C:\Windows\system32\s2.adp"
             [00000000] 0-35           V15: idata
             [00000000] 0-36           #includata "C:\Windows\system32\s3.adp"
                        0-36           #includata "C:\Windows\system32\s3.adp"
             [00000000] 0-37           V16: idata
             [00000000] 0-38           #includata "C:\Windows\system32\s4.adp"
                        0-38           #includata "C:\Windows\system32\s4.adp"
             [00000000] 0-39           V17: idata
             [00000000] 0-40           #includata "C:\Windows\system32\s5.adp"
                        0-40           #includata "C:\Windows\system32\s5.adp"
             [00000000] 0-41           V18: idata
             [00000000] 0-42           #includata "C:\Windows\system32\s6.adp"
                        0-42           #includata "C:\Windows\system32\s6.adp"
             [00000000] 0-43           V19: idata
             [00000000] 0-44           #includata "C:\Windows\system32\s7.adp"
                        0-44           #includata "C:\Windows\system32\s7.adp"
             [00000000] 0-45           V20: idata
             [00000000] 0-46           #includata "C:\Windows\system32\s8.adp"
                        0-46           #includata "C:\Windows\system32\s8.adp"
             [00000000] 0-47           V21: idata
             [00000000] 0-48           #includata "C:\Windows\system32\s9.adp"
                        0-48           #includata "C:\Windows\system32\s9.adp"
             [00000000] 0-49           V22: idata
             [00000000] 0-50           #includata "C:\Windows\system32\s10.adp"
                        0-50           #includata "C:\Windows\system32\s10.adp"
             [00000000] 0-51           V23: idata
             [00000000] 0-52           #includata "C:\Windows\system32\s11.adp"
                        0-52           #includata "C:\Windows\system32\s11.adp"
             [00000000] 0-53           V24: idata
             [00000000] 0-54           #includata "C:\Windows\system32\s12.adp"
                        0-54           #includata "C:\Windows\system32\s12.adp"
             [00000000] 0-55           V25: idata
             [00000000] 0-56           #includata "C:\Windows\system32\s13.adp"
                        0-56           #includata "C:\Windows\system32\s13.adp"
             [00000000] 0-57           V26: idata
             [00000000] 0-58           #includata "C:\Windows\system32\s14.adp"
                        0-58           #includata "C:\Windows\system32\s14.adp"
             [00000000] 0-59           V27: idata
             [00000000] 0-60           #includata "C:\Windows\system32\s15.adp"
                        0-60           #includata "C:\Windows\system32\s15.adp"
             [00000000] 0-61           V28: idata
             [00000000] 0-62           #includata "C:\Windows\system32\s16.adp"
                        0-62           #includata "C:\Windows\system32\s16.adp"
             [00000000] 0-63           V29: idata
             [00000000] 0-64           #includata "C:\Windows\system32\s17.adp"
                        0-64           #includata "C:\Windows\system32\s17.adp"
             [00000000] 0-65           V30: idata
             [00000000] 0-66           #includata "C:\Windows\system32\s18.adp"
                        0-66           #includata "C:\Windows\system32\s18.adp"
             [00000000] 0-67           V31: idata
             [00000000] 0-68           #includata "C:\Windows\system32\s19.adp"
                        0-68           #includata "C:\Windows\system32\s19.adp"
             [00000000] 0-69           V32: idata
             [00000000] 0-70           #includata "C:\Windows\system32\s19a.adp"
                        0-70           #includata "C:\Windows\system32\s19a.adp"
             [00000000] 0-71           V33: idata
             [00000000] 0-72           #includata "C:\Windows\system32\S19B.adp"
                        0-72           #includata "C:\Windows\system32\S19B.adp"
             [00000000] 0-73           V34: idata
             [00000000] 0-74           #includata "C:\Windows\system32\s20.adp"
                        0-74           #includata "C:\Windows\system32\s20.adp"
             [00000000] 0-75           V35: idata
             [00000000] 0-76           #includata "C:\Windows\system32\s22.adp"
                        0-76           #includata "C:\Windows\system32\s22.adp"
             [00000000] 0-77           V36: idata
             [00000000] 0-78           #includata "C:\Windows\system32\s23.adp"
                        0-78           #includata "C:\Windows\system32\s23.adp"
             [00000000] 0-79           V37: idata
             [00000000] 0-80           #includata "C:\Windows\system32\s24.adp"
                        0-80           #includata "C:\Windows\system32\s24.adp"
             [00000000] 0-81           V38: idata
             [00000000] 0-82           #includata "C:\Windows\system32\s25.adp"
                        0-82           #includata "C:\Windows\system32\s25.adp"
             [00000000] 0-83           V39: idata
             [00000000] 0-84           #includata "C:\Windows\system32\s26.adp"
                        0-84           #includata "C:\Windows\system32\s26.adp"
             [00000000] 0-85           V40: idata
             [00000000] 0-86           #includata "C:\Windows\system32\s27.adp"
                        0-86           #includata "C:\Windows\system32\s27.adp"
             [00000000] 0-87           V41: idata
             [00000000] 0-88           #includata "C:\Windows\system32\s28.adp"
                        0-88           #includata "C:\Windows\system32\s28.adp"
             [00000000] 0-89           V42: idata
             [00000000] 0-90           #includata "C:\Windows\system32\s29.adp"
                        0-90           #includata "C:\Windows\system32\s29.adp"
             [00000000] 0-91           V43: idata
             [00000000] 0-92           #includata "C:\Windows\system32\s30.adp"
                        0-92           #includata "C:\Windows\system32\s30.adp"
             [00000000] 0-93           V44: idata
             [00000000] 0-94           #includata "C:\Windows\system32\s30a.adp"
                        0-94           #includata "C:\Windows\system32\s30a.adp"
             [00000000] 0-95           V45: idata
             [00000000] 0-96           #includata "C:\Windows\system32\s31.adp"
                        0-96           #includata "C:\Windows\system32\s31.adp"
             [00000000] 0-97           V46: idata
             [00000000] 0-98           #includata "C:\Windows\system32\s31a.adp"
                        0-98           #includata "C:\Windows\system32\s31a.adp"
             [00000000] 0-99           V47: idata
             [00000000] 0-100          #includata "C:\Windows\system32\s32.adp"
                        0-100          #includata "C:\Windows\system32\s32.adp"
             [00000000] 0-101          V48: idata
             [00000000] 0-102          #includata "C:\Windows\system32\s33.adp"
                        0-102          #includata "C:\Windows\system32\s33.adp"
             [00000000] 0-103          V49: idata
             [00000000] 0-104          #includata "C:\Windows\system32\s34.adp"
                        0-104          #includata "C:\Windows\system32\s34.adp"
             [00000000] 0-105          V50: idata
             [00000000] 0-106          #includata "C:\Windows\system32\s35.adp"
                        0-106          #includata "C:\Windows\system32\s35.adp"
             [00000000] 0-107          V51: idata
             [00000000] 0-108          #includata "C:\Windows\system32\s36.adp"
                        0-108          #includata "C:\Windows\system32\s36.adp"
             [00000000] 0-109          V52: idata
             [00000000] 0-110          #includata "C:\Windows\system32\s37.adp"
                        0-110          #includata "C:\Windows\system32\s37.adp"
             [00000000] 0-111          V53: idata
             [00000000] 0-112          #includata "C:\Windows\system32\s38.adp"
                        0-112          #includata "C:\Windows\system32\s38.adp"
             [00000000] 0-113          V54: idata
             [00000000] 0-114          #includata "C:\Windows\system32\s40.adp"
                        0-114          #includata "C:\Windows\system32\s40.adp"
             [00000000] 0-115          V55: idata
             [00000000] 0-116          #includata "C:\Windows\system32\s41.adp"
                        0-116          #includata "C:\Windows\system32\s41.adp"
             [00000000] 0-117          V56: idata
             [00000000] 0-118          #includata "C:\Windows\system32\Stop.adp"
                        0-118          #includata "C:\Windows\system32\Stop.adp"
             [00000000] 0-119          V57: idata
             [00000000] 0-120          #includata "C:\Windows\system32\Win.adp"
                        0-120          #includata "C:\Windows\system32\Win.adp"
                        0-121          
                        0-122          ; global label
                        0-123          global V0
                        0-124          global V1
                        0-125          global V2
                        0-126          global V3
                        0-127          global V4
                        0-128          global V5
                        0-129          global V6
                        0-130          global V7
                        0-131          global V8
                        0-132          global V9
                        0-133          global V10
                        0-134          global V11
                        0-135          global V12
                        0-136          global V13
                        0-137          global V14
                        0-138          global V15
                        0-139          global V16
                        0-140          global V17
                        0-141          global V18
                        0-142          global V19
                        0-143          global V20
                        0-144          global V21
                        0-145          global V22
                        0-146          global V23
                        0-147          global V24
                        0-148          global V25
                        0-149          global V26
                        0-150          global V27
                        0-151          global V28
                        0-152          global V29
                        0-153          global V30
                        0-154          global V31
                        0-155          global V32
                        0-156          global V33
                        0-157          global V34
                        0-158          global V35
                        0-159          global V36
                        0-160          global V37
                        0-161          global V38
                        0-162          global V39
                        0-163          global V40
                        0-164          global V41
                        0-165          global V42
                        0-166          global V43
                        0-167          global V44
                        0-168          global V45
                        0-169          global V46
                        0-170          global V47
                        0-171          global V48
                        0-172          global V49
                        0-173          global V50
                        0-174          global V51
                        0-175          global V52
                        0-176          global V53
                        0-177          global V54
                        0-178          global V55
                        0-179          global V56
                        0-180          global V57
                        0-181          END


File_Index  File_Name
1           C:\Users\EP-ENG0\Desktop\ALL\ゴa公\ゴa公_s\WHACK_A_MOLE_V5\WHACK_A_MOLE\Obj\VoiceLabel.lst
0           C:\Users\EP-ENG0\Desktop\ALL\ゴa公\ゴa公_s\WHACK_A_MOLE_V5\WHACK_A_MOLE\VoiceLabel.asm


Processor Name      = AM5AA340X
ROM Bit Width       = 10 bit
Register Bit Width  = 4 bit
Program ROM         = 0x00000000-0x0000FFFF
Data ROM            = 0x00000000-0x000DFFFF
Reserved Memory     = 0x00000100-0x000001FF
SRAM / SFR          = 0x00000000-0x000000FF

Total Used Program ROM  = 0x00000000

Total Used Data ROM     = 0x00000000

Total Errors            = 0

Total Warning           = 0
